Group: SID-00365086-N
[подъем, волна]
[продвижение, движение]
[воодушевление, подъем]
[повышение, продвижение]
[ссуда, аванс]
[рост]
[холм, возвышение, возвышенность]
[бугор, кочка, возвышение]
[возвышение, возвышенность]
[восход, восток]
[восток, ост, восход]
[восход, восхождение]
[восход, рассвет]
[восхождение, подъём]
[подъем, наклон]
[перемещение, продвижение]
[предварение, предшествование]
[продвижение, промоушн]
[восхождение, подъем]
[повышение, увеличение]
[приращение, рост, увеличение]
[развитие, онтогенез, онтогения, рост, созревание]
[восхождение, поднятие, подъем]
[возвышение, повышение]
[развитие, рост, совершенствование]
[прогресс, продвижение, развитие, эволюция]
[прибавка, прибавление]
[разрастание, рост, увеличение, умножение, повышение, возрастание, подъём, прибавление]
[повышение, возвышение, рост, увеличение]
[поднятие, возвышение, повышение]
[рост, развитие, удлинение, увеличение, подъём, возрастание, разрастание, прибавление, расширение]
[повышение, увеличение, поднятие]
[рост, прирост, увеличение]
[поднятие, подъем]
[поднятие, возвышение, повышение, подъем, увеличение]
[размножение, рост, увеличение, возрастание, прибавление, прирост]
[прогресс, развитие]
[повышение, возвышение]
[повышение, увеличение, рост, возрастание, прибавление]
[высота, вышина, рост]
[развитие, рост]
[развитие, расширение, рост, эволюция]
[наступление, начало]
[заигрывания, стимуляция]
[восход, утренняя заря]

Group: SID-00722683-N
[место, сиденье]
[место, сиденье]
[положение, ранг]
[положение, ранг]
[помещение, место]
[направление, положение]
[тюк, кипа, место, посылка]
[изъян, место]
[место, отрывок]
[место, отрывок, часть, фрагмент]
[место]
[место]
[сторона, точка зрения]
[фигура, позиция]
[фигура, композиция, позиция]
[локус, место]
[положение, позиция]
[точка, место, местоположение]
[площадь, пространство]
[место, позиция]
[положение, статус]
[позиция, точка зрения]
[местонахождение, местоположение, расположение]
[место, позиция]
[позиция, форт]
[место, позиция]
[положение, состояние]
[положение, координаты, нахождение, местонахождение, расположение, местоположение]
[место, местоположение, расположение]
[место, роль]
[место, точка, пространство]
[место, точка, расположение, координаты, местоположение, позиция, пункт]
[место, положение, пост, должность, статус]
[пост, должность, положение]
[должность, место, пост]
[поза, положение]
[состояние, положение]
[позиция, состояние, статус, положение]
[положение, состояние, нахождение]
[позиция, пункт, наименование]
[местоположение, месторасположение]
[место, площадь]
[место, объем, площадь, пространство]
[место, местоположение, расположение, точка]
[место, местоположение, положение, расположение]
[координаты, место, местоположение, позиция, положение]
[точка, место]
[место, позиция, положение, статус, должность]
[положение, должность, место, позиция, пост]
[объем, пространство, место]
[улица, пункт, место, месторасположение]
[площадь, пространство, место, форум]
[адрес, координаты, местонахождение, местоположение, положение, пребывание, расположение]
[местоположение, место, расположение, положение, координаты, позиция, пребывание, местонахождение, локализация, сосредоточение, месторасположение, местопребывание, локация]
[позиция, состояние, обстоятельства, расположение, условия, жизнь, обстановка, размещение, постановка, положение, отношение, поза, ситуация]
[место, служба, синекура, должность, занятие, звание, пост]
[место, пространство, расположение]
[пост, местечко, место, станция, пункт, остановка, база]
[место, позиция]
[положение, обстоятельство]
[пост, место]
[место, край, местность, страна, регион, область, земля, сторона]
[ситуация, положение, сторона]
[положение, состояние]
[место, сторона]
[поза, позиция]
[должность, положение, пост]
[позиция, пост, форт]
[состояние, положение]
[состояние, положение]
[место, пространство]
[позиция, положение]
[положение, место, местоположение, позиция, расположение]
[должность, положение]
[место, площадь]
[подход, позиция]
[местонахождение, местоположение]
[место, пункт, точка]
[место, служба]
[положение, сторона]
[должность, место, положение, служба]
[должность, место]
[должность, место, пост]
[должность, место, служба]
[обстановка, положение, ситуация, состояние]
[место, местоположение]
[должность, служба]
[площадь, пространство]
[ипподром, место, площадь, пространство, арена, манеж]
[положение, трудное положение]
[позиция, роль]

Group: SID-01016008-N
[установка, агрегат, конструкция]
[агрегат, конструкция, установка]
[составление, написание, подборка, собирание]
[составление, собирание, подборка, написание]
[агрегат, дизель]
[агрегат, множество]
[агрегат, моноблок]
[агрегация, агрегирование]
[конволют, сборник]
[проводы, сбор]
[сбор, сборка]
[сбор, сборка, складка]
[сбор, собирание]
[сбор, уборка]
[сбор, убор, уборка]
[сбор, урожай]
[агрегирование, собирание]
[сосредотачивание, агрегирование, аккумулирование, коллекционирование, подбор, собирание]
[ассоциация, объединение]
[ассоциация, объединение]
[компендиум, сборник]
[комплектование, сбор]
[коллекция, комплект, набор, собрание]
[гарнитура, коллекция, собрание, сортимент, сбруя]
[сбор, собрание]
[скопище, скопление, собрание]
[система, набор, коллекция]
[коллекция, собрание]
[коллекция, набор, подборка]
[заседание, собрание]
[встреча, сбор, сходка, собрание]
[ассортимент, коллекция, номенклатура]
[аккумуляция, накапливание, накопление, собирание]
[собрание, единение, встреча, сбор, свидание, коллекция]
[гарнитура, ассортимент, гарнитур, коллекция, комплект, набор, прибор]
[заседание, собрание, митинг]
[коллекция, собрание]

Group: SID-01077970-N
[вето, запрет]
[табу, вето]
[запрет, запрещение, отмена, вето]
[недозволенность, табу, запрет, вето]
[вентиль, клапан]
[заслонка, вентиль, клапан, створка]
[стопор, ограничитель, останов]
[прекращение, задержка, конец, остановка]
[антракт, остановка, пауза, приостановка, перерыв]
[останавливание, остановка, прекращение]
[задержка, остановка]
[остановка, прекращение]
[пауза, перерыв]
[передышка, перерыв]
[задержка, остановка]
[пауза, перерыв]
[остановка, стояние, стоянка]
[остановка, пункт, станция, точка]
[задержка, промедление]
[задержка, откладывание, отсрочка]
[завершение, окончание, остановка, прекращение]
[приостановка, разрыв, перебивание, выключение, остановка, перебой, прекращение, прерывание, пресечение, разрывание, приостанавливание]
[пауза, задержка, перерыв]
[этап, остановка, отсрочка, пауза, передышка, перерыв, привал, приостановка, проволочка, дневка, стоянка, точка, антракт, бивуак, задержка, замедление, заминка, запятая, застой, затишье, затор, ночевка]
[антракт, остановка, передышка, перерыв]
[помеха, стоянка, приостановка, преграда, остановка, затруднение, запятая, задержка, препятствие]
[пост, местечко, место, станция, пункт, остановка, база]
[опоздание, простой, промедление, задержка]
[задержка, препятствие, приостановка]
[пауза, перерыв]
[остановка, стоянка]
[задержка, препятствие, остановка]
[перемена, передышка, перерыв, остановка, пауза]
[остановка, стоянка, станция]
[остановка, прекращение, прерывание, приостановка, перебой, приостанавливание, перебивание, выключение, разрывание, разрыв]
[станция, остановка, перегон]
[станция, вокзал, остановка]
[остановка, пауза, передышка, перерыв]
[заминка, застой, затишье, затор, остановка, пауза, перерыв, регресс, стагнация, стоянка, передышка]
[пробка, затычка]
[затычка, пробка]
[затычка, пробка]
[затычка, кляп]
[задержание, задержка]
[ограничитель, упор]
[деревенский, простой]
[диафрагма, затвор]
[грудобрюшная преграда, диафрагма]
[обыденный, простой]
[обычный, простой]
[диафрагма, талия]
[плебейский, простой]
[вето, право вето]

Group: SID-03590506-N
[железо, оковы, узы, цепь, кандалы]
[железо, сталь, чугун]
[металл, железо, сталь]
[железяка, железка, железо]
[утюг, отпариватель]
[аппаратное обеспечение, железо]
[аппаратное обеспечение, железо, хардвер]

Group: SID-03991266-N
[губа, бухта, гавань]
[бухта, гавань, залив]
[амбразура, бойница]
[гавань, морской порт]
[интерфейс, порт]

Group: SID-05992686-N
[застройка, предприятие]
[стычка, дело]
[дело, история]
[вопрос, дело]
[вопрос, дело, тема]
[вопрос, дело]
[пункт, момент, дело, вопрос]
[занятие, учение]
[дело, проблема]
[дело, досье]
[дело, досье]
[дело, досье]
[бизнес, деловое сообщество]
[бизнес, компания, предприятие]
[занятие, индустрия, промышленность, ремесло]
[дело, занятие, мастерство, охота, промысел, добыча]
[акт, дело, деяние, подвиг, поступок]
[мастерство, предприятие, промысел, ремесло, рукоделие, рукомесло]
[ремесло, профессия, дело, пост, занятие, деятельность]
[дело, работа, деятельность, занятие]
[дело, занятие, деятельность, работа, труд]
[дело, предприятие]
[времяпрепровождение, занятие, интерес]
[дело, роль, функция]
[труд, дело, работа, книга]
[занятие, работа, деятельность]
[дело, иск, судебное дело, тяжба]
[занятие, карьера, профессия]
[тренировка, занятие, тренинг, упражнение]
[публикация, работа, статья]
[дело, суд, процесс, тяжба]
[процесс, действие, дело]
[организация, предприятие]
[компания, организация, предприятие, фирма]
[предприятие, проект, инициатива]
[проект, инициатива, начинание, предприятие]
[учреждение, фирма, компания, предприятие]
[занятие, работа, труд]
[занятие, искусство]
[заведение, предприятие, учреждение]
[предприятие, фирма, дом]
[служба, должность, обязанность, работа, дело]
[дело, деятельность, занятие]
[дело, деятельность, занятие, времяпрепровождение]
[времяпрепровождение, времяпровождение, занятие]
[работа, деятельность, занятие, труд, дело]
[дело, деятельность, занятость, работа, бизнес]
[бизнес, предприятие, фирма]
[труд, работа, занятие]
[предприятие, проект, инициатива]
[дело, предприятие, труд, занятие, деятельность]
[предприятие, компания, фирма, учреждение]
[операция, действие, дело, процесс, процедура]
[затея, начинание, предприятие, афера, выдумка, дело]
[труд, работа, занятие, усилие, дело, старание]
[дело, деятельность, работа, бизнес, ремесло, мастерство, рукоделие, труд]
[дело, труд, деятельность]
[работа, труд, дело, творение, занятие]
[работа, деятельность, функционирование, занятие]
[делание, страда, занятие, жатва, дело, работа]
[торговля, занятие, торг, продажа]
[дело, деятельность, работа, времяпрепровождение, обязанность]
[фирма, предприятие]
[организация, предприятие, дело]
[занятие, профессия]
[заведение, учреждение, предприятие]
[дело, акт, поступок]
[дело, процесс]
[занятие, специальность]
[занятие, профессия, ремесло]
[дело, обязанность, участие]
[дело, занятие]
[занятие, работа, служба]
[дело, бизнес, деятельность, работа, ремесло, труд]
[гешефт, бизнес, дело, операция, сделка, фирма, затея]
[амплуа, дарование, дело, жилка, занятие, предрасположенность, призвание, промысел, работа, склонность, служба, специальность, способность, талант]
[бизнес, предпринимательство]
[предпринимательская деятельность, бизнес, предпринимательство]
[дело, вещь]
[занятие, урок]
[урок, занятие]
[час, урок , занятие, класс]
[занятие, класс, урок, час]
[дело, случай]
[дело, инцидент, прецедент, случай, событие]
[дело, обстоятельство, положение, случай]
[концерн, предприятие]
[дело, кампания]
[обязанности, работа]
[завладение, занятие]
[занятие, захват, оккупация, взятие]

Group: SID-06094057-N
[алхимия, личные отношения, химия]

Group: SID-06808603-N
[диссертация, статья]
[параграф, пункт]
[выпуск, доклад, номер, сочинение, статья, публикация, отчёт]
[абзац, выпуск, пункт, раздел, рубрика, статья]
[пункт, раздел, статья, часть]
[выпуск, номер]
[параграф, пункт]
[публикация, работа, статья]
[статья, доклад, отчёт]
[выпуск, номер]
[предмет]
[кусок, штука]
[кусок, штука]
[кусок, отрез, штука]
[номер, миниатюра]
[символ, знак]
[символ, знак, знамение, обозначение, примета, эмблема]
[знак, знамение, предзнаменование]
[признак, примета]
[знак, литера, токен]
[знак, признак]
[знак, признак, указание]
[символ, знак]
[сигнал, знак]
[знак, обозначение, сема]
[знамение, знак]
[атрибут, знак, признак]
[знак, сигнал]
[примета, признак]
[знамение, знак, символ]
[знак, симптом]
[признак, знак]
[знак, намек]
[метка, знак]
[знак, монограмма]
[изделие, предмет, штука, вещь]
[вещь, штука, штуковина]
[вещь, предмет]
[объект, предмет]
[объект, предмет]
[тело, вещь, предмет]
[предмет, тело]
[нечто, вещь, безделушка, вещица, предмет, штука, штучка]
[вещь, предмет, объект, штука, продукт]
[вещь, штука]
[вещь, предмет]
[предмет, объект]
[предмет, нечто]
[вещь, изделие, предмет]
[вещь, предмет]
[жетон, фишка]
[маршрут, номер]
[позиция, пункт, наименование]
[номер, нумер]
[тонна, штука]
[косарь, тысяча, штука]
[штука, тысяча, тонна]
[пункт, штука]
[фигура, штука]
[знак, полярность]
[случай, штука]

Group: SID-07403416-N
[плюшка, булка, булочка, выпечка]
[выпечка, хлеб, булка]
[белый хлеб, булка]
[выпечка, хлеб, булка]
[блок, ролик]
[ведомость, каталог, реестр, список]
[каталог, меню, опись, перечень, распределение, реестр, роспись, порядок, список]
[таблица, реестр, сводка, табель]
[поименный список, реестр, список]
[индекс, каталог, перечень, реестр, список, указатель]
[каталог, перечень, реестр, список, указатель, индекс]
[опись, реестр, инвентарь]
[график, ведомость, табель, таблица, список]
[список, опись, реестр, указатель]
[реестр, опись]
[инвентарь, перечень, реестр, список]
[каталог, перечень, реестр, список, таблица]
[свиток, сверток]
[рулон, катушка]
[ролик, моток, катушка, бобина]
[булка, кирпичик]
[ягодица, булка]
[видеоролик, клип, ролик, видеоклип]
[гул, перекат, раскат]
[реестр, кадастр]
[реестр, регистр]
[журнал, регистр, регистрация, реестр]
[барабан, бочка]
[булка, рулет]
[завивочные щипцы, ролик, щипцы, щипцы для завивки]

Group: SID-07723196-N
[тормоз, овощ, зомби, флегма]
[баклажан, овощ, синенькие]
[овощ, фрукт, плод]

Group: SID-08588287-N
[луг, поле]
[область, сфера]
[область, сфера]
[область, сфера]
[степь, поле, пашня, луг]
[поле, сфера]
[поле, графа, сфера]
[область, отрасль, поле, сфера]
[область, местность]
[арена, круг, область, поле, сфера]
[область, район]
[область, отрасль, раздел, сфера]
[областной центр, область]
[мир, область, сфера, царство]
[луг, поле]
[губерния, область]
[поле, луг, выпас, выгон, пажить, нива, пастбище, пахота, пашня]
[луг, нива, пашня, поле, поляна, равнина, степь, фон]
[область, сфера, стихия]
[круг, область, сфера]
[область, отрасль]
[область, сфера]
[область, сфера]
[область, сфера]
[круг, область, общество, среда, сфера]
[поле, поляна, равнина]
[бассейн, область]
[область]
[залежь, месторождение]
[поле, район боевых действий, театр военных действий]
[обширная поверхность, поле]

Group: SID-13799976-N
[путь, трасса]
[место, сторона]
[точка, место, местоположение]
[площадь, пространство]
[место, позиция]
[место, позиция]
[место, позиция]
[место, местоположение, расположение]
[место, точка, пространство]
[должность, место, пост]
[место, площадь]
[место, объем, площадь, пространство]
[точка, место]
[объем, пространство, место]
[конец, район, область]
[площадь, пространство, место, форум]
[место, пространство, расположение]
[место, позиция]
[пост, место]
[место, пространство]
[место, площадь]
[место, пункт, точка]
[место, служба]
[должность, место]
[должность, место, пост]
[должность, место, служба]
[место, местоположение]
[площадь, пространство]
[ипподром, место, площадь, пространство, арена, манеж]
[источник, путь]
[аллея, дорога]
[комната, камера]
[путь]
[образ, образец, метод, путь, способ]
[метод, способ]
[метода, подход, система, способ, метод]
[средство, способ]
[привычка, ужимка, ухватка, замашка, манера, прием]
[способ, путь, прием, план, манера, тактика, схема, средство]
[способ, средство]
[способ, метод]
[способ, средство]
[прием, способ]
[метод, способ]
[прием, способ, средство]
[способ, средство]
[метод, прием, способ]
[потенциал, возможности]
[комната, помещение, дом]
[дом, комната, помещение, жилплощадь, квартира]
[комната, помещение, дом, камора]
[дорога, железная дорога]
[дорога, путь, тропа, стезя, дорожка]
[дорога, маршрут, путь, тракт]
[дорога, путь]
[дорога, направление]
[дорога, стезя]
[стезя, путь, дорога]
[путь, дорога]
[дорога, путина, путь]
[конец, дистанция, путь, расстояние]
[ход, дорога, конец, крюк, курс, маршрут, оборот, путь, рейс]
[маршрут, дорога, путь]
[переправа, проход, путь, перевал, дорога]
[путь, дорога]
[стезя, путь]
[путь, курс]
[дорога, путь, шоссе]
[дорога, путь]
[место]
[место]
[колея, путь]
[апартамент, горница, номер, светелка, комната]
[апартамент, гостиная, салон, комната]
[библиотека, комната, номер, покой, вместилище]
[каюта, комната]

Group: SID-15282640-N
[период, тайм]
[период, тайм]
[тайм, период, сет]
[половинка, половина]
[жена, молодица, половина, половинка, супруга, благоверная]
[благоверная, жена, половина, супруга]
[жена, женщина, половина, супруга]
[жена, благоверная, половина, супруга]
[половина, середина, центр]
[половина, середина, центр, серёдка]

