New synset: [дорога, маршрут, проход, проезд, путь]
    for task tag 52_10,
    sentence: Из Бразилии наш *путь* лежал дальше на запад.,
    from synsets: [25395, 11265, 17090, 12547, 25656, 14604, 273, 7535, 13014, 23324, 1852, 11417, 198, 16980, 2033, 119, 7990, 7991, 16507, 25655, 12690, 25657, 15832]
New synset: [дорога, поездка, путешествие, рейс, путь]
    for task tag 53_10,
    sentence: На следующее утро я собрался в *путь*.,
    from synsets: [25395, 11265, 17090, 12547, 25656, 14604, 273, 7535, 13014, 23324, 1852, 11417, 198, 16980, 2033, 119, 7990, 7991, 16507, 25655, 12690, 25657, 15832]
New synset: [поездка, путь, путешествие, дорожка]
    for task tag 54_10,
    sentence: Поезд отправляется с третьего *пути*.,
    from synsets: [25395, 11265, 17090, 12547, 25656, 14604, 273, 7535, 13014, 23324, 1852, 11417, 198, 16980, 2033, 119, 7990, 7991, 16507, 25655, 12690, 25657, 15832]
New synset: [маршрут, проход, проезд, путь]
    for task tag 55_10,
    sentence: В любом криволинейном движении *путь* всегда численно больше перемещения.,
    from synsets: [25395, 11265, 17090, 12547, 25656, 14604, 273, 7535, 13014, 23324, 1852, 11417, 198, 16980, 2033, 119, 7990, 7991, 16507, 25655, 12690, 25657, 15832]
New synset: [улица, мостовая, тропинка, шоссе, путь, дорожка, тропа, просека]
    for task tag 56_10,
    sentence: В течение трёх дней, наша артиллерия разгромила вражеские окопы, произвела в них невероятные разрушения, нанесла немцам тяжёлые потери и расчистила *путь* своей пехоте.,
    from synsets: [25395, 11265, 17090, 12547, 25656, 14604, 273, 7535, 13014, 23324, 1852, 11417, 198, 16980, 2033, 119, 7990, 7991, 16507, 25655, 12690, 25657, 15832]
New synset: [тропинка, путь, проход, тропа, тротуар]
    for task tag 57_10,
    sentence: Из-за малых размеров наночастицы без труда проникают в организм через кожу и дыхательные *пути*.,
    from synsets: [25395, 11265, 17090, 12547, 25656, 14604, 273, 7535, 13014, 23324, 1852, 11417, 198, 16980, 2033, 119, 7990, 7991, 16507, 25655, 12690, 25657, 15832]
New synset: [путь, проход, направление, маршрут]
    for task tag 58_10,
    sentence: В «Исповеди» Гоголь рассказывает свой *путь* писателя и человека, вскрывает мотивы своего творчества, его отличительные свойства.,
    from synsets: [25395, 11265, 17090, 12547, 25656, 14604, 273, 7535, 13014, 23324, 1852, 11417, 198, 16980, 2033, 119, 7990, 7991, 16507, 25655, 12690, 25657, 15832]
New synset: [маршрут, система, путь]
    for task tag 59_10,
    sentence: Что греха таить, *пути* в нём не было, мужик был плотный, неработящий, хмельным делом почал было напоследях-то заниматься,
    from synsets: [25395, 11265, 17090, 12547, 25656, 14604, 273, 7535, 13014, 23324, 1852, 11417, 198, 16980, 2033, 119, 7990, 7991, 16507, 25655, 12690, 25657, 15832]
New synset: [путешествие, маршрут, следование, траектория, курс, дорога]
    for task tag 62_10,
    sentence: Собираться в *дорогу*.,
    from synsets: [11265, 17090, 25656, 9624, 14604, 8702, 273, 2127, 13014, 11417, 447, 16980, 119, 7990, 7991, 16507, 13270, 25655, 12690, 25657]
New synset: [объект, материал, продукт, вещь]
    for task tag 70_14,
    sentence: Во-первых, княжна сообщила мне все свои планы для будущего и настоящее положение *вещей*.,
    from synsets: [11331, 15254, 22681, 22679, 1519, 22682, 12166, 22676, 22678, 8376, 548, 16355, 1937, 13241, 22683, 22675, 13957, 22677, 11384, 22673, 8379]
New synset: [вещь, имущество, пожитки]
    for task tag 71_14,
    sentence: - Кролики - это *вещь*.
- Особенно под водку, - кротко согласился примолкший Потапов.,
    from synsets: [11331, 15254, 22681, 22679, 1519, 22682, 12166, 22676, 22678, 8376, 548, 16355, 1937, 13241, 22683, 22675, 13957, 22677, 11384, 22673, 8379]
New synset: [хрень, предмет, вещица]
    for task tag 72_14,
    sentence: *Предметы* были раскиданы в беспорядке.,
    from synsets: [11331, 15254, 22679, 1519, 12166, 22676, 1991, 8376, 7388, 16355, 1937, 1140, 1138, 12104, 31484, 13957, 22677, 11384, 22673]
New synset: [пожитки, предмет]
    for task tag 73_14,
    sentence: *Предметом* моих рассуждений будет исторический прогресс.,
    from synsets: [11331, 15254, 22679, 1519, 12166, 22676, 1991, 8376, 7388, 16355, 1937, 1140, 1138, 12104, 31484, 13957, 22677, 11384, 22673]
New synset: [средство, метода, метод]
    for task tag 77_16,
    sentence: *Метод* вычисления объёма.,
    from synsets: [11264, 14620, 1933, 2033, 30146, 11668, 12708, 11282, 30145]
New synset: [расположение, местонахождение, нахождение, месторасположение, адрес, положение, локация, местоположение]
    for task tag 78_22,
    sentence: Деревня Маниловка немногих могла заманить своим *местоположением*.,
    from synsets: [12211, 581, 28846, 30108, 8158, 19199, 1857, 11503, 953, 7079, 726, 12060, 30107]
New synset: [местонахождение, месторасположение, местоположение, локация, локализация, расположение]
    for task tag 79_23,
    sentence: *Расположение* города было очень удобным.,
    from synsets: [12211, 581, 1550, 16894, 30108, 8158, 19199, 1857, 32722, 2094, 33620, 15004, 7079, 726, 30107]
New synset: [местонахождение, месторасположение, сосредоточение, местоположение, локация, помещение, местопребывание, расположение]
    for task tag 81_23,
    sentence: Он сразу почувствовал *расположение* к новым ученикам.,
    from synsets: [12211, 581, 1550, 16894, 30108, 8158, 19199, 1857, 32722, 2094, 33620, 15004, 7079, 726, 30107]
New synset: [статус, позиция, положение]
    for task tag 83_26,
    sentence: Географическое *положение* города.,
    from synsets: [11848, 25585, 12210, 25584, 12333, 47370, 580]
New synset: [пост, статус, позиция, положение]
    for task tag 87_26,
    sentence: Основные *положения* теории относительности.,
    from synsets: [11848, 25585, 12210, 25584, 12333, 47370, 580]
New synset: [место, точка, пункт]
    for task tag 88_27,
    sentence: Кондуктор, проворчав что-то, посоветовал ей отправиться в *пункт* для приёма беженцев.,
    from synsets: [581, 30669]
New synset: [база, место, точка, пункт]
    for task tag 91_29,
    sentence: Кондуктор, проворчав что-то, посоветовал ей отправиться в *пункт* для приёма беженцев.,
    from synsets: [13038, 1979, 581, 2123, 33476, 14965, 11894, 32955, 31802]
New synset: [пункт, станция]
    for task tag 92_30,
    sentence: Основное влияние на содержание фосфатов оказывают Люберецкая *станция* аэрации, г. Раменское, г. Жуковский.,
    from synsets: [1266, 13038, 11157, 14965, 32955, 31802, 12429]
New synset: [стоянка, вокзал, остановка, станция]
    for task tag 93_30,
    sentence: Углубленный в размышление о превратности земного счастия, я и не приметил, как лошади домчали меня до первой *станции*.,
    from synsets: [1266, 13038, 11157, 14965, 32955, 31802, 12429]
New synset: [пункт, база, пост, станция]
    for task tag 94_30,
    sentence: Даже многие сервисные *станции*, где обслуживают отечественные машины, часто рекомендуют «расходники» зарубежного производства.,
    from synsets: [1266, 13038, 11157, 14965, 32955, 31802, 12429]
New synset: [пункт, станция]
    for task tag 97_30,
    sentence: Для снабжения комплекса кислородом устанавливается кислородный блок производительностью до 5000 м 3/ час. Побочные продукты разделения воздуха кислородной *станцией* ― азот и аргон ― также представляют собой товар.,
    from synsets: [1266, 13038, 11157, 14965, 32955, 31802, 12429]
New synset: [деревня, владение, станица, сторона]
    for task tag 98_33,
    sentence: Разойтись в разные *стороны*.,
    from synsets: [30105, 17101, 17103, 1281, 16689, 29030, 1564, 12101, 1553, 12469, 26872, 16780]
New synset: [место, регион, околица, местечко, район, территория, владение, край, местность, область, округа, окрестность, сторона]
    for task tag 99_33,
    sentence: — Послушай, мужичок, — сказал я ему, — знаешь ли ты эту *сторону*? Возьмёшься ли ты довести меня до ночлега?,
    from synsets: [30105, 17101, 17103, 1281, 16689, 29030, 1564, 12101, 1553, 12469, 26872, 16780]
New synset: [край, сторона]
    for task tag 100_33,
    sentence: Они ходили по одной *стороне* галереи, стараясь избегать Левина, ходившего по другой *стороне*.,
    from synsets: [30105, 17101, 17103, 1281, 16689, 29030, 1564, 12101, 1553, 12469, 26872, 16780]