New synset: [тело, объект]
    for task tag 76_15,
    sentence: Утка — вид птицы. Также как воробей и колибри. Любая птица представляет какой-то подвид птиц. Но обратная сторона медали в том, что нет птицы, которая была бы птицей вообще. С точки зрения программирования это означает, что все *объекты* Bird являются экземплярами каких-то подклассов Bird, но не имеется ни одного экземпляра класса Bird.,
    from synsets: [7388, 1937, 1519, 1138, 12104, 31484, 22676, 22677]
New synset: [маршрут, проход, дорога, курс, ход]
    for task tag 61_10,
    sentence: Стул стоял на самой *дороге*.,
    from synsets: [11265, 17090, 25656, 9624, 14604, 8702, 273, 2127, 13014, 11417, 447, 16980, 119, 7990, 7991, 16507, 13270, 25655, 12690, 25657]
New synset: [местоположение, нахождение, расположение]
    for task tag 80_23,
    sentence: Разведчики проникли в *расположение* передовых частей противника.,
    from synsets: [12211, 581, 1550, 16894, 30108, 8158, 19199, 1857, 32722, 2094, 33620, 15004, 7079, 726, 30107]
New synset: [продукт, предмет, объект, безделушка]
    for task tag 72_14,
    sentence: *Предметы* были раскиданы в беспорядке.,
    from synsets: [11331, 15254, 22679, 1519, 12166, 22676, 1991, 8376, 7388, 16355, 1937, 1140, 1138, 12104, 31484, 13957, 22677, 11384, 22673]
New synset: [курс, дорога, поездка, траектория, путешествие, рейс, ход, маршрут]
    for task tag 62_10,
    sentence: Собираться в *дорогу*.,
    from synsets: [11265, 17090, 25656, 9624, 14604, 8702, 273, 2127, 13014, 11417, 447, 16980, 119, 7990, 7991, 16507, 13270, 25655, 12690, 25657]
New synset: [маршрут, способ, путь]
    for task tag 55_10,
    sentence: В любом криволинейном движении *путь* всегда численно больше перемещения.,
    from synsets: [25395, 11265, 17090, 12547, 25656, 14604, 273, 7535, 13014, 23324, 1852, 11417, 198, 16980, 2033, 119, 7990, 7991, 16507, 25655, 12690, 25657, 15832]
New synset: [путь, тропа, трасса, дорожка]
    for task tag 57_10,
    sentence: Из-за малых размеров наночастицы без труда проникают в организм через кожу и дыхательные *пути*.,
    from synsets: [25395, 11265, 17090, 12547, 25656, 14604, 273, 7535, 13014, 23324, 1852, 11417, 198, 16980, 2033, 119, 7990, 7991, 16507, 25655, 12690, 25657, 15832]
New synset: [пост, станция]
    for task tag 97_30,
    sentence: Для снабжения комплекса кислородом устанавливается кислородный блок производительностью до 5000 м 3/ час. Побочные продукты разделения воздуха кислородной *станцией* ― азот и аргон ― также представляют собой товар.,
    from synsets: [1266, 13038, 11157, 14965, 32955, 31802, 12429]
New synset: [месторасположение, местопребывание, расположение]
    for task tag 79_23,
    sentence: *Расположение* города было очень удобным.,
    from synsets: [12211, 581, 1550, 16894, 30108, 8158, 19199, 1857, 32722, 2094, 33620, 15004, 7079, 726, 30107]
New synset: [утварь, вещица, продукт, пожитки, вещь]
    for task tag 67_14,
    sentence: Лаптев отдал распоряжение выгружать провизию и тёплые *вещи* на лёд.,
    from synsets: [11331, 15254, 22681, 22679, 1519, 22682, 12166, 22676, 22678, 8376, 548, 16355, 1937, 13241, 22683, 22675, 13957, 22677, 11384, 22673, 8379]
New synset: [край, фланг, территория, сторона]
    for task tag 98_33,
    sentence: Разойтись в разные *стороны*.,
    from synsets: [30105, 17101, 17103, 1281, 16689, 29030, 1564, 12101, 1553, 12469, 26872, 16780]
New synset: [объект, предмет]
    for task tag 73_14,
    sentence: *Предметом* моих рассуждений будет исторический прогресс.,
    from synsets: [11331, 15254, 22679, 1519, 12166, 22676, 1991, 8376, 7388, 16355, 1937, 1140, 1138, 12104, 31484, 13957, 22677, 11384, 22673]
New synset: [улица, шоссе, путь, проход]
    for task tag 53_10,
    sentence: На следующее утро я собрался в *путь*.,
    from synsets: [25395, 11265, 17090, 12547, 25656, 14604, 273, 7535, 13014, 23324, 1852, 11417, 198, 16980, 2033, 119, 7990, 7991, 16507, 25655, 12690, 25657, 15832]
New synset: [позиция, положение]
    for task tag 86_26,
    sentence: *Положение* о статусе депутатов.,
    from synsets: [11848, 25585, 12210, 25584, 12333, 47370, 580]
New synset: [рейс, следование, путешествие, дорога, путь]
    for task tag 59_10,
    sentence: Что греха таить, *пути* в нём не было, мужик был плотный, неработящий, хмельным делом почал было напоследях-то заниматься,
    from synsets: [25395, 11265, 17090, 12547, 25656, 14604, 273, 7535, 13014, 23324, 1852, 11417, 198, 16980, 2033, 119, 7990, 7991, 16507, 25655, 12690, 25657, 15832]
New synset: [дорожка, тропинка, путь]
    for task tag 56_10,
    sentence: В течение трёх дней, наша артиллерия разгромила вражеские окопы, произвела в них невероятные разрушения, нанесла немцам тяжёлые потери и расчистила *путь* своей пехоте.,
    from synsets: [25395, 11265, 17090, 12547, 25656, 14604, 273, 7535, 13014, 23324, 1852, 11417, 198, 16980, 2033, 119, 7990, 7991, 16507, 25655, 12690, 25657, 15832]
New synset: [грань, сторона]
    for task tag 100_33,
    sentence: Они ходили по одной *стороне* галереи, стараясь избегать Левина, ходившего по другой *стороне*.,
    from synsets: [30105, 17101, 17103, 1281, 16689, 29030, 1564, 12101, 1553, 12469, 26872, 16780]
New synset: [положение, расположение, нахождение, местонахождение, местоположение]
    for task tag 78_22,
    sentence: Деревня Маниловка немногих могла заманить своим *местоположением*.,
    from synsets: [12211, 581, 28846, 30108, 8158, 19199, 1857, 11503, 953, 7079, 726, 12060, 30107]
New synset: [штука, вещь]
    for task tag 69_14,
    sentence: Он играл небольшие, но сильные *вещи* классиков: Мендельсона, Бетховена, Шопена, Годара, Грига, Рубинштейна, Моцарта.,
    from synsets: [11331, 15254, 22681, 22679, 1519, 22682, 12166, 22676, 22678, 8376, 548, 16355, 1937, 13241, 22683, 22675, 13957, 22677, 11384, 22673, 8379]
New synset: [кляп, пробка]
    for task tag 65_12,
    sentence: К последним приделаны поплавки из бересты, сосновой коры или чаще из *пробки*, там, где она растёт.,
    from synsets: [23584, 13341, 26742, 7657, 8240]
New synset: [расположение, база, место, месторасположение, местоположение, пункт]
    for task tag 91_29,
    sentence: Кондуктор, проворчав что-то, посоветовал ей отправиться в *пункт* для приёма беженцев.,
    from synsets: [13038, 1979, 581, 2123, 33476, 14965, 11894, 32955, 31802]
New synset: [рейс, путь, направление]
    for task tag 52_10,
    sentence: Из Бразилии наш *путь* лежал дальше на запад.,
    from synsets: [25395, 11265, 17090, 12547, 25656, 14604, 273, 7535, 13014, 23324, 1852, 11417, 198, 16980, 2033, 119, 7990, 7991, 16507, 25655, 12690, 25657, 15832]
New synset: [место, пункт, станция]
    for task tag 96_30,
    sentence: Чему равен КПД гидростанции, если подача воды равна 6 м 3/ с, высота плотины 20 м, а мощность *станции* 880 кВт?,
    from synsets: [1266, 13038, 11157, 14965, 32955, 31802, 12429]
New synset: [место, позиция, положение]
    for task tag 87_26,
    sentence: Основные *положения* теории относительности.,
    from synsets: [11848, 25585, 12210, 25584, 12333, 47370, 580]
New synset: [пункт, остановка, станция]
    for task tag 95_30,
    sentence: Способ заключается в организации встречного движения информации к пользователям, рабочие *станции* которых располагают копией системы управления базой данных.,
    from synsets: [1266, 13038, 11157, 14965, 32955, 31802, 12429]
New synset: [статус, позиция, пост, положение]
    for task tag 84_26,
    sentence: Нынешнее *положение* весьма благоприятно.,
    from synsets: [11848, 25585, 12210, 25584, 12333, 47370, 580]
New synset: [место, площадь]
    for task tag 89_28,
    sentence: Главный фасад Московского вокзала в Петербурге выходит на *площадь* Восстания.,
    from synsets: [30109, 15276]
Done.